Start time: 2023-06-23 11:22:22.454292
torch.Size([512, 10]) torch.Size([512, 1])
Sequential(
  (0): Linear(in_features=10, out_features=512, bias=True)
  (1): ReLU()
  (2): Sequential(
    (0): Linear(in_features=512, out_features=512, bias=True)
    (1): ReLU()
  )
  (3): Sequential(
    (0): Linear(in_features=512, out_features=512, bias=True)
    (1): ReLU()
  )
  (4): Linear(in_features=512, out_features=1, bias=True)
)
Using device: cuda:3
===== Training profile tensin-3x512-sl - 1 =====
[0:00:02.789270] epoch: 0 | elbo: 59073507.720000006 | train_rmse: 61.5296 | val_rmse: 62.6808 | val_ll: -1315.9611
[0:00:26.843950] epoch: 10 | elbo: 7236872.249999998 | train_rmse: 26.0605 | val_rmse: 27.3285 | val_ll: -251.9783
[0:00:50.936440] epoch: 20 | elbo: 5416856.450000001 | train_rmse: 21.3656 | val_rmse: 23.8003 | val_ll: -203.4332
[0:01:14.858044] epoch: 30 | elbo: 4591545.6 | train_rmse: 18.1463 | val_rmse: 21.338 | val_ll: -160.1946
[0:01:39.101297] epoch: 40 | elbo: 4103833.1450000005 | train_rmse: 16.975 | val_rmse: 20.2559 | val_ll: -152.7321
[0:02:02.694894] epoch: 50 | elbo: 3770321.780000001 | train_rmse: 15.6061 | val_rmse: 19.3759 | val_ll: -139.8656
