Start time: 2023-06-23 11:22:18.405694
torch.Size([512, 10]) torch.Size([512, 1])
Sequential(
  (0): Linear(in_features=10, out_features=512, bias=True)
  (1): ReLU()
  (2): Sequential(
    (0): Linear(in_features=512, out_features=512, bias=True)
    (1): ReLU()
  )
  (3): Sequential(
    (0): Linear(in_features=512, out_features=512, bias=True)
    (1): ReLU()
  )
  (4): Linear(in_features=512, out_features=1, bias=True)
)
Using device: cuda:1
===== Training profile tensin-3x512-s03 - 1 =====
[0:00:02.742906] epoch: 0 | elbo: 450429151.04000014 | train_rmse: 61.8008 | val_rmse: 64.4802 | val_ll: -4640.9121
[0:00:24.895680] epoch: 10 | elbo: 42273126.32 | train_rmse: 27.2961 | val_rmse: 27.3401 | val_ll: -1147.9583
[0:00:47.118493] epoch: 20 | elbo: 28270576.059999995 | train_rmse: 20.8209 | val_rmse: 23.734 | val_ll: -738.2881
[0:01:09.143741] epoch: 30 | elbo: 21449072.32 | train_rmse: 17.9269 | val_rmse: 20.9407 | val_ll: -648.2006
[0:01:31.985567] epoch: 40 | elbo: 17604346.389999997 | train_rmse: 16.7354 | val_rmse: 20.1226 | val_ll: -626.3167
[0:01:54.847924] epoch: 50 | elbo: 14920975.459999999 | train_rmse: 15.5719 | val_rmse: 19.1069 | val_ll: -529.5659
[0:02:17.453112] epoch: 60 | elbo: 12960707.77 | train_rmse: 12.958 | val_rmse: 18.6593 | val_ll: -537.3772
