Start time: 2023-07-13 17:46:48.870530
torch.Size([512, 10]) torch.Size([512, 1])
Sequential(
  (0): Linear(in_features=10, out_features=128, bias=True)
  (1): ReLU()
  (2): Sequential(
    (0): Linear(in_features=128, out_features=128, bias=True)
    (1): ReLU()
  )
  (3): Sequential(
    (0): Linear(in_features=128, out_features=128, bias=True)
    (1): ReLU()
  )
  (4): Linear(in_features=128, out_features=1, bias=True)
)
Settings:
DEVICE: cuda:7 INFERENCE_TYPE: svi OBS_MODEL: homoskedastic_gamma PRIOR_LOC: 0.0 PRIOR_SCALE: 1.0 LIKELIHOOD_SCALE_LOC: 1.0 LIKELIHOOD_SCALE: 1.0 GUIDE_SCALE: 0.01 TRAIN_SIZE: 10000
Initial parameters:
net_guide.net.0.weight.loc torch.Size([128, 10]) Parameter containing:
tensor([[-0.1309,  0.4018, -0.3607,  ...,  0.1962, -0.3473,  0.1844],
        [ 0.2061, -0.2933, -0.1633,  ..., -0.4561,  0.2183,  0.0023],
        [ 0.0935,  0.1614, -0.0209,  ...,  0.5980, -0.4529,  0.2204],
        ...,
        [-0.3368, -0.1740,  0.0505,  ...,  0.1874,  0.0128, -0.3635],
        [ 0.2012,  0.0368,  0.5587,  ...,  0.6524,  0.8998,  0.4101],
        [-0.3913, -0.3969,  0.2764,  ..., -0.1484, -0.5085, -0.0900]],
       device='cuda:7', requires_grad=True)
net_guide.net.0.weight.scale torch.Size([128, 10]) tensor([[0.0100, 0.0100, 0.0100,  ..., 0.0100, 0.0100, 0.0100],
        [0.0100, 0.0100, 0.0100,  ..., 0.0100, 0.0100, 0.0100],
        [0.0100, 0.0100, 0.0100,  ..., 0.0100, 0.0100, 0.0100],
        ...,
        [0.0100, 0.0100, 0.0100,  ..., 0.0100, 0.0100, 0.0100],
        [0.0100, 0.0100, 0.0100,  ..., 0.0100, 0.0100, 0.0100],
        [0.0100, 0.0100, 0.0100,  ..., 0.0100, 0.0100, 0.0100]],
       device='cuda:7', grad_fn=<AddBackward0>)
net_guide.net.0.bias.loc torch.Size([128]) Parameter containing:
tensor([-0.0198,  0.0933, -0.1901, -0.7636, -0.1344,  0.3460,  0.5122, -0.5639,
         0.3772,  0.0759,  0.0984,  0.0023,  0.1699,  0.1371, -0.0685,  0.4537,
         0.0337, -0.1075,  0.0768, -0.0253,  0.1986, -0.0976, -0.1172, -0.0627,
         0.2212, -0.0236,  0.3256, -0.1504, -0.0014,  0.4249, -0.0445,  0.4863,
        -0.1585, -0.0212, -0.3622, -0.2220,  0.0259,  0.0944,  0.3267,  0.1323,
        -0.0653, -0.2458, -0.0114, -0.2203, -0.2898, -0.2324,  0.1505, -0.4926,
        -0.4202,  0.5794, -0.0762,  0.7232, -0.2638, -0.0462,  0.0553, -0.4309,
         0.2050,  0.0430, -0.0906,  0.1572,  0.0895,  0.0764, -0.3911, -0.3078,
         0.2264, -0.4343, -0.1761, -0.0776, -0.3724,  0.4879,  0.1375, -0.3922,
         0.0324, -0.1047,  0.4235, -0.1076,  0.4466, -0.6138,  0.0179,  0.2153,
        -0.0756,  0.0651,  0.4433, -0.1266, -0.1656,  0.5768,  0.1025, -0.2412,
         0.1629,  0.3808, -0.4179, -0.0818,  0.5907, -0.4133,  0.0648,  0.1782,
        -0.3875, -0.1680,  0.1454,  0.4574,  0.1332,  0.2627, -0.1947, -0.0283,
        -0.0261,  0.1323, -0.0537, -0.5318, -0.5824, -0.3788, -0.0632, -0.5245,
         0.0911, -0.2628,  0.1615,  0.4207, -0.1517,  0.3060, -0.1709,  0.3502,
        -0.2526, -0.0024, -0.2281,  0.0316, -0.1790, -0.5513,  0.1696, -0.2829],
       device='cuda:7', requires_grad=True)
net_guide.net.0.bias.scale torch.Size([128]) tensor([0.0100, 0.0100, 0.0100, 0.0100, 0.0100, 0.0100, 0.0100, 0.0100, 0.0100,
        0.0100, 0.0100, 0.0100, 0.0100, 0.0100, 0.0100, 0.0100, 0.0100, 0.0100,
        0.0100, 0.0100, 0.0100, 0.0100, 0.0100, 0.0100, 0.0100, 0.0100, 0.0100,
        0.0100, 0.0100, 0.0100, 0.0100, 0.0100, 0.0100, 0.0100, 0.0100, 0.0100,
        0.0100, 0.0100, 0.0100, 0.0100, 0.0100, 0.0100, 0.0100, 0.0100, 0.0100,
        0.0100, 0.0100, 0.0100, 0.0100, 0.0100, 0.0100, 0.0100, 0.0100, 0.0100,
        0.0100, 0.0100, 0.0100, 0.0100, 0.0100, 0.0100, 0.0100, 0.0100, 0.0100,
        0.0100, 0.0100, 0.0100, 0.0100, 0.0100, 0.0100, 0.0100, 0.0100, 0.0100,
        0.0100, 0.0100, 0.0100, 0.0100, 0.0100, 0.0100, 0.0100, 0.0100, 0.0100,
        0.0100, 0.0100, 0.0100, 0.0100, 0.0100, 0.0100, 0.0100, 0.0100, 0.0100,
        0.0100, 0.0100, 0.0100, 0.0100, 0.0100, 0.0100, 0.0100, 0.0100, 0.0100,
        0.0100, 0.0100, 0.0100, 0.0100, 0.0100, 0.0100, 0.0100, 0.0100, 0.0100,
        0.0100, 0.0100, 0.0100, 0.0100, 0.0100, 0.0100, 0.0100, 0.0100, 0.0100,
        0.0100, 0.0100, 0.0100, 0.0100, 0.0100, 0.0100, 0.0100, 0.0100, 0.0100,
        0.0100, 0.0100], device='cuda:7', grad_fn=<AddBackward0>)
net_guide.net.2.0.weight.loc torch.Size([128, 128]) Parameter containing:
tensor([[-0.0931,  0.4273, -0.8398,  ...,  0.1706, -0.3268,  0.3337],
        [ 0.5176, -0.0608,  0.6673,  ..., -0.0609,  0.6313, -0.1143],
        [-0.4583, -0.2869,  0.1796,  ..., -0.3907, -0.2166, -0.7272],
        ...,
        [ 0.3602, -0.2946, -0.4929,  ...,  0.0343, -0.3358,  0.3108],
        [-0.2519, -0.1807, -0.1557,  ..., -0.4017, -0.2391, -0.3613],
        [ 0.7190, -0.2449,  0.0324,  ...,  0.3052,  0.2361, -0.2555]],
       device='cuda:7', requires_grad=True)
net_guide.net.2.0.weight.scale torch.Size([128, 128]) tensor([[0.0100, 0.0100, 0.0100,  ..., 0.0100, 0.0100, 0.0100],
        [0.0100, 0.0100, 0.0100,  ..., 0.0100, 0.0100, 0.0100],
        [0.0100, 0.0100, 0.0100,  ..., 0.0100, 0.0100, 0.0100],
        ...,
        [0.0100, 0.0100, 0.0100,  ..., 0.0100, 0.0100, 0.0100],
        [0.0100, 0.0100, 0.0100,  ..., 0.0100, 0.0100, 0.0100],
        [0.0100, 0.0100, 0.0100,  ..., 0.0100, 0.0100, 0.0100]],
       device='cuda:7', grad_fn=<AddBackward0>)
net_guide.net.2.0.bias.loc torch.Size([128]) Parameter containing:
tensor([ 5.9379e-01,  5.3620e-05,  3.1918e-01, -1.8916e-01,  1.0524e-01,
        -1.9184e-01, -1.8251e-01, -3.4578e-01,  2.9920e-01, -2.6694e-01,
        -5.7438e-01,  9.2058e-02, -7.1625e-01, -3.6890e-01,  1.8029e-02,
        -2.8555e-01, -1.4914e-01,  8.8998e-02,  4.8252e-01,  1.4993e-01,
        -9.8130e-02,  2.1040e-01,  4.0796e-01,  1.6242e-01, -5.5886e-01,
        -3.6425e-01, -2.3758e-01,  5.2027e-02,  7.7464e-02,  7.2415e-02,
         5.0746e-03, -3.7605e-01,  4.1605e-01, -8.6058e-02, -6.0411e-02,
         5.9128e-02, -1.1314e-01, -6.3535e-02,  5.4787e-02, -3.3028e-01,
        -5.1648e-02, -2.5057e-01, -5.7988e-02, -1.4263e-02, -8.6035e-03,
        -1.4232e-01, -1.7480e-01,  2.9354e-01,  1.0869e-01, -2.3783e-01,
        -3.0574e-02, -1.0280e-01,  1.1478e-01,  3.6353e-01, -1.2331e-01,
        -3.9820e-01,  3.3551e-02, -7.3607e-01, -4.9884e-01, -3.3232e-01,
         1.1341e-01,  1.5227e-01, -4.4421e-01, -4.0265e-01,  3.5325e-02,
        -2.6552e-01,  3.8467e-01,  1.7164e-01,  3.7115e-02, -1.9839e-02,
        -2.5416e-01, -1.7189e-01,  2.8652e-01,  1.3294e-01, -1.1461e-01,
         8.6740e-02, -6.9263e-02, -2.4340e-01,  2.2491e-01, -2.9264e-01,
        -3.9643e-01,  6.0608e-01,  6.2048e-02, -1.1807e-01,  2.8155e-01,
         1.3274e-02,  1.1058e-01,  7.7843e-02, -3.0978e-01, -6.1830e-02,
        -2.8113e-01, -1.4930e-01, -1.2294e-01, -2.8596e-01,  2.3661e-01,
        -3.2340e-02,  1.7060e-01, -2.6542e-02,  1.4671e-01,  4.9122e-01,
         2.6251e-02,  2.4226e-01, -2.0907e-01, -7.7467e-02, -1.6144e-01,
         5.8255e-01, -1.7431e-01, -2.5961e-02,  2.2837e-02,  9.2036e-02,
        -6.6938e-01,  3.2239e-01, -1.8250e-01, -5.8053e-02,  1.5420e-02,
        -2.9638e-01, -2.7146e-01, -6.5556e-02, -3.9610e-01,  3.4164e-01,
         2.7464e-02, -1.0415e-01,  1.8931e-01,  2.5800e-01,  2.5234e-01,
         4.4143e-02, -2.7148e-01,  5.8566e-01], device='cuda:7',
       requires_grad=True)
net_guide.net.2.0.bias.scale torch.Size([128]) tensor([0.0100, 0.0100, 0.0100, 0.0100, 0.0100, 0.0100, 0.0100, 0.0100, 0.0100,
        0.0100, 0.0100, 0.0100, 0.0100, 0.0100, 0.0100, 0.0100, 0.0100, 0.0100,
        0.0100, 0.0100, 0.0100, 0.0100, 0.0100, 0.0100, 0.0100, 0.0100, 0.0100,
        0.0100, 0.0100, 0.0100, 0.0100, 0.0100, 0.0100, 0.0100, 0.0100, 0.0100,
        0.0100, 0.0100, 0.0100, 0.0100, 0.0100, 0.0100, 0.0100, 0.0100, 0.0100,
        0.0100, 0.0100, 0.0100, 0.0100, 0.0100, 0.0100, 0.0100, 0.0100, 0.0100,
        0.0100, 0.0100, 0.0100, 0.0100, 0.0100, 0.0100, 0.0100, 0.0100, 0.0100,
        0.0100, 0.0100, 0.0100, 0.0100, 0.0100, 0.0100, 0.0100, 0.0100, 0.0100,
        0.0100, 0.0100, 0.0100, 0.0100, 0.0100, 0.0100, 0.0100, 0.0100, 0.0100,
        0.0100, 0.0100, 0.0100, 0.0100, 0.0100, 0.0100, 0.0100, 0.0100, 0.0100,
        0.0100, 0.0100, 0.0100, 0.0100, 0.0100, 0.0100, 0.0100, 0.0100, 0.0100,
        0.0100, 0.0100, 0.0100, 0.0100, 0.0100, 0.0100, 0.0100, 0.0100, 0.0100,
        0.0100, 0.0100, 0.0100, 0.0100, 0.0100, 0.0100, 0.0100, 0.0100, 0.0100,
        0.0100, 0.0100, 0.0100, 0.0100, 0.0100, 0.0100, 0.0100, 0.0100, 0.0100,
        0.0100, 0.0100], device='cuda:7', grad_fn=<AddBackward0>)
net_guide.net.3.0.weight.loc torch.Size([128, 128]) Parameter containing:
tensor([[ 3.4104e-04,  2.7854e-01,  2.1582e-01,  ...,  7.1189e-01,
          2.9042e-01,  2.6209e-01],
        [ 3.0380e-01, -1.5955e-01, -1.6758e-01,  ...,  1.7021e-02,
         -2.0398e-01, -3.6530e-02],
        [ 1.7904e-01,  2.7236e-01,  2.4810e-01,  ...,  3.5063e-01,
          1.1256e-01,  2.1731e-01],
        ...,
        [ 3.2942e-02,  1.2594e-01, -5.2404e-02,  ...,  3.2112e-01,
         -1.2583e-01, -8.1995e-02],
        [ 4.9774e-02, -6.7172e-01,  1.3161e-01,  ...,  7.8815e-02,
          2.2424e-01, -1.4656e-02],
        [-7.7829e-03, -1.8218e-01,  1.3137e-01,  ...,  1.3204e-01,
         -5.7637e-01,  4.3810e-01]], device='cuda:7', requires_grad=True)
net_guide.net.3.0.weight.scale torch.Size([128, 128]) tensor([[0.0100, 0.0100, 0.0100,  ..., 0.0100, 0.0100, 0.0100],
        [0.0100, 0.0100, 0.0100,  ..., 0.0100, 0.0100, 0.0100],
        [0.0100, 0.0100, 0.0100,  ..., 0.0100, 0.0100, 0.0100],
        ...,
        [0.0100, 0.0100, 0.0100,  ..., 0.0100, 0.0100, 0.0100],
        [0.0100, 0.0100, 0.0100,  ..., 0.0100, 0.0100, 0.0100],
        [0.0100, 0.0100, 0.0100,  ..., 0.0100, 0.0100, 0.0100]],
       device='cuda:7', grad_fn=<AddBackward0>)
net_guide.net.3.0.bias.loc torch.Size([128]) Parameter containing:
tensor([-0.1039,  0.0743, -0.3046, -0.2308,  0.4249, -0.2538,  0.0537,  0.1139,
        -0.0204,  0.2472,  0.1587,  0.2443,  0.6702,  0.0224,  0.0053, -0.2819,
        -0.3468,  0.3111, -0.0165,  0.1161,  0.2422,  0.0387,  0.1074,  0.0171,
        -0.1102, -0.3777, -0.0725,  0.1678,  0.0892,  0.0986, -0.5596,  0.4830,
         0.2654, -0.0416, -0.2034,  0.1616, -0.0022, -0.0806, -0.3816,  0.1223,
         0.1606, -0.5083,  0.4225, -0.1768,  0.0541,  0.4937,  0.3737, -0.5722,
        -0.1869, -0.0662, -0.1587,  0.6752, -0.4164, -0.1648,  0.0367, -0.0252,
        -0.1296,  0.1255,  0.8089,  0.2623,  0.4414, -0.1754, -0.0084,  0.0529,
         0.1381,  0.3417, -0.1472, -0.3089, -0.5445,  0.1043, -0.2629,  0.2722,
         0.0994, -0.2730,  0.6542,  0.5115, -0.1426, -0.1372,  0.1372,  0.3702,
        -0.6000, -0.4369, -0.3358, -0.0011,  0.1969,  0.5428,  0.1042, -0.1661,
        -0.5480, -0.2994,  0.3592,  0.1472,  0.2282, -0.6618, -0.4377,  0.3151,
         0.1395,  0.0913, -0.2002, -0.4619, -0.0915, -0.0503, -0.2340,  0.4743,
         0.2731,  0.1609, -0.2690,  0.1027, -0.1807,  0.6365, -0.5104, -0.4988,
        -0.0909, -0.3365, -0.3300, -0.1560,  0.0257, -0.4020,  0.5514,  0.3689,
         0.1959,  0.1504, -0.2519, -0.2699,  0.4027, -0.0471,  0.3302, -0.0618],
       device='cuda:7', requires_grad=True)
net_guide.net.3.0.bias.scale torch.Size([128]) tensor([0.0100, 0.0100, 0.0100, 0.0100, 0.0100, 0.0100, 0.0100, 0.0100, 0.0100,
        0.0100, 0.0100, 0.0100, 0.0100, 0.0100, 0.0100, 0.0100, 0.0100, 0.0100,
        0.0100, 0.0100, 0.0100, 0.0100, 0.0100, 0.0100, 0.0100, 0.0100, 0.0100,
        0.0100, 0.0100, 0.0100, 0.0100, 0.0100, 0.0100, 0.0100, 0.0100, 0.0100,
        0.0100, 0.0100, 0.0100, 0.0100, 0.0100, 0.0100, 0.0100, 0.0100, 0.0100,
        0.0100, 0.0100, 0.0100, 0.0100, 0.0100, 0.0100, 0.0100, 0.0100, 0.0100,
        0.0100, 0.0100, 0.0100, 0.0100, 0.0100, 0.0100, 0.0100, 0.0100, 0.0100,
        0.0100, 0.0100, 0.0100, 0.0100, 0.0100, 0.0100, 0.0100, 0.0100, 0.0100,
        0.0100, 0.0100, 0.0100, 0.0100, 0.0100, 0.0100, 0.0100, 0.0100, 0.0100,
        0.0100, 0.0100, 0.0100, 0.0100, 0.0100, 0.0100, 0.0100, 0.0100, 0.0100,
        0.0100, 0.0100, 0.0100, 0.0100, 0.0100, 0.0100, 0.0100, 0.0100, 0.0100,
        0.0100, 0.0100, 0.0100, 0.0100, 0.0100, 0.0100, 0.0100, 0.0100, 0.0100,
        0.0100, 0.0100, 0.0100, 0.0100, 0.0100, 0.0100, 0.0100, 0.0100, 0.0100,
        0.0100, 0.0100, 0.0100, 0.0100, 0.0100, 0.0100, 0.0100, 0.0100, 0.0100,
        0.0100, 0.0100], device='cuda:7', grad_fn=<AddBackward0>)
net_guide.net.4.weight.loc torch.Size([1, 128]) Parameter containing:
tensor([[ 3.1297e-01, -8.1658e-02, -1.5861e-01,  2.1111e-02,  2.4617e-01,
         -3.9167e-01, -2.7794e-01, -4.5505e-03,  6.3153e-01, -1.3052e-01,
         -2.8572e-01, -7.4014e-02, -1.2065e-01, -1.1132e-01,  3.1352e-01,
          1.9341e-01,  8.9471e-02,  5.6878e-02, -7.2571e-01,  2.8012e-01,
          5.2716e-01, -1.2700e-01, -2.7374e-01, -2.0516e-01, -2.8213e-01,
          2.6137e-01, -4.0541e-01, -4.8099e-01,  9.5972e-02,  5.6497e-02,
         -1.9056e-01, -1.1366e-01,  4.9381e-01, -5.9334e-02,  1.6921e-01,
         -3.3347e-01,  3.3271e-01, -1.3951e-01, -1.9128e-01,  3.4637e-01,
         -2.8658e-01,  1.9662e-01, -1.8521e-01, -3.9635e-04, -3.9969e-01,
         -1.9194e-01,  7.8340e-02,  5.3219e-02,  1.4025e-01, -4.3802e-01,
         -2.9073e-02, -3.0945e-01, -2.4406e-01, -1.7518e-01,  4.5779e-01,
          2.7115e-02,  5.3700e-01, -2.5942e-01,  4.7281e-02, -7.1550e-02,
         -2.9438e-01, -5.2998e-01,  2.3515e-01, -5.1073e-01,  3.7216e-01,
          3.0867e-01,  6.5061e-01,  8.2319e-02, -3.3640e-01, -2.4827e-01,
          1.9343e-01, -1.4489e-01,  1.0726e-01,  4.0789e-01,  2.3521e-01,
         -6.2704e-03, -5.3330e-01,  6.3388e-02, -3.7467e-01, -2.2680e-01,
          5.2892e-01, -2.6903e-01, -3.9157e-01,  2.7412e-01,  6.8295e-02,
          1.7405e-01,  6.4513e-01, -2.3529e-01,  5.1924e-01,  8.2867e-01,
          2.5939e-01,  1.3027e-01,  3.1868e-01,  4.0735e-01,  2.2059e-01,
          1.3463e-01, -1.2654e-02, -2.4451e-01, -3.4255e-01,  2.0842e-02,
          2.3806e-01,  6.7997e-01, -3.3314e-01,  5.1806e-01, -5.7118e-01,
         -2.2799e-01,  4.3545e-01, -2.6532e-01, -2.0608e-01,  2.1541e-01,
         -5.1399e-01, -3.3783e-02,  9.0008e-02,  3.8722e-02, -4.0285e-01,
          6.1259e-01,  2.5920e-02, -3.9047e-01,  3.4246e-01,  2.1298e-01,
          1.5561e-01, -4.0622e-01, -4.6946e-01,  4.5474e-01, -1.2647e-02,
          4.6974e-01, -1.1638e-01,  1.3040e-02]], device='cuda:7',
       requires_grad=True)
net_guide.net.4.weight.scale torch.Size([1, 128]) tensor([[0.0100, 0.0100, 0.0100, 0.0100, 0.0100, 0.0100, 0.0100, 0.0100, 0.0100,
         0.0100, 0.0100, 0.0100, 0.0100, 0.0100, 0.0100, 0.0100, 0.0100, 0.0100,
         0.0100, 0.0100, 0.0100, 0.0100, 0.0100, 0.0100, 0.0100, 0.0100, 0.0100,
         0.0100, 0.0100, 0.0100, 0.0100, 0.0100, 0.0100, 0.0100, 0.0100, 0.0100,
         0.0100, 0.0100, 0.0100, 0.0100, 0.0100, 0.0100, 0.0100, 0.0100, 0.0100,
         0.0100, 0.0100, 0.0100, 0.0100, 0.0100, 0.0100, 0.0100, 0.0100, 0.0100,
         0.0100, 0.0100, 0.0100, 0.0100, 0.0100, 0.0100, 0.0100, 0.0100, 0.0100,
         0.0100, 0.0100, 0.0100, 0.0100, 0.0100, 0.0100, 0.0100, 0.0100, 0.0100,
         0.0100, 0.0100, 0.0100, 0.0100, 0.0100, 0.0100, 0.0100, 0.0100, 0.0100,
         0.0100, 0.0100, 0.0100, 0.0100, 0.0100, 0.0100, 0.0100, 0.0100, 0.0100,
         0.0100, 0.0100, 0.0100, 0.0100, 0.0100, 0.0100, 0.0100, 0.0100, 0.0100,
         0.0100, 0.0100, 0.0100, 0.0100, 0.0100, 0.0100, 0.0100, 0.0100, 0.0100,
         0.0100, 0.0100, 0.0100, 0.0100, 0.0100, 0.0100, 0.0100, 0.0100, 0.0100,
         0.0100, 0.0100, 0.0100, 0.0100, 0.0100, 0.0100, 0.0100, 0.0100, 0.0100,
         0.0100, 0.0100]], device='cuda:7', grad_fn=<AddBackward0>)
net_guide.net.4.bias.loc torch.Size([1]) Parameter containing:
tensor([0.2879], device='cuda:7', requires_grad=True)
net_guide.net.4.bias.scale torch.Size([1]) tensor([0.0100], device='cuda:7', grad_fn=<AddBackward0>)
likelihood_guide.likelihood._scale.loc torch.Size([]) Parameter containing:
tensor(-0.8001, device='cuda:7', requires_grad=True)
likelihood_guide.likelihood._scale.scale torch.Size([]) tensor(0.0100, device='cuda:7', grad_fn=<AddBackward0>)
Using device: cuda:7
===== Training profile sineasy10-3x128-sl - 1 =====
[0:00:02.031137] epoch: 0 | elbo: 4838877.1075 | train_rmse: 12.6268 | val_rmse: 12.6677 | val_ll: -25.7687
[0:01:48.510557] epoch: 50 | elbo: 308268.80249999993 | train_rmse: 3.283 | val_rmse: 3.6511 | val_ll: -4.4621
[0:03:36.357955] epoch: 100 | elbo: 164372.350625 | train_rmse: 2.3359 | val_rmse: 2.7928 | val_ll: -3.5896
[0:05:23.453437] epoch: 150 | elbo: 109763.46132812498 | train_rmse: 1.8608 | val_rmse: 2.391 | val_ll: -3.2283
[0:07:10.631474] epoch: 200 | elbo: 80681.613125 | train_rmse: 1.5576 | val_rmse: 2.146 | val_ll: -3.0314
[0:08:56.998939] epoch: 250 | elbo: 62678.433476562495 | train_rmse: 1.3413 | val_rmse: 1.9793 | val_ll: -2.9076
[0:10:45.197499] epoch: 300 | elbo: 51315.00556640623 | train_rmse: 1.1715 | val_rmse: 1.8486 | val_ll: -2.7815
[0:12:33.066075] epoch: 350 | elbo: 43294.294941406246 | train_rmse: 1.0435 | val_rmse: 1.7467 | val_ll: -2.7071
[0:14:19.510487] epoch: 400 | elbo: 37568.46755859375 | train_rmse: 0.9342 | val_rmse: 1.6661 | val_ll: -2.5833
[0:16:05.615322] epoch: 450 | elbo: 33595.91199218749 | train_rmse: 0.8499 | val_rmse: 1.6015 | val_ll: -2.4782
[0:17:53.004685] epoch: 500 | elbo: 30686.118515625007 | train_rmse: 0.7762 | val_rmse: 1.5494 | val_ll: -2.4018
[0:19:39.842146] epoch: 550 | elbo: 28794.114404296874 | train_rmse: 0.7108 | val_rmse: 1.5048 | val_ll: -2.3104
[0:21:26.889686] epoch: 600 | elbo: 27341.0083984375 | train_rmse: 0.6527 | val_rmse: 1.4684 | val_ll: -2.2221
[0:23:11.724478] epoch: 650 | elbo: 26352.765546874994 | train_rmse: 0.6032 | val_rmse: 1.4379 | val_ll: -2.158
[0:24:57.945595] epoch: 700 | elbo: 25627.92911132812 | train_rmse: 0.5593 | val_rmse: 1.4127 | val_ll: -2.1086
[0:26:44.167605] epoch: 750 | elbo: 25003.854863281245 | train_rmse: 0.5205 | val_rmse: 1.3888 | val_ll: -2.0802
[0:28:31.346338] epoch: 800 | elbo: 24503.73873046875 | train_rmse: 0.4928 | val_rmse: 1.3726 | val_ll: -2.1134
[0:30:18.494177] epoch: 850 | elbo: 23818.391171875 | train_rmse: 0.45 | val_rmse: 1.35 | val_ll: -2.1655
[0:32:06.189287] epoch: 900 | elbo: 23298.607910156246 | train_rmse: 0.4216 | val_rmse: 1.3334 | val_ll: -2.2446
[0:33:56.313377] epoch: 950 | elbo: 22745.5877734375 | train_rmse: 0.3936 | val_rmse: 1.3194 | val_ll: -2.3526
[0:35:46.569398] epoch: 1000 | elbo: 22148.572817382807 | train_rmse: 0.3689 | val_rmse: 1.3104 | val_ll: -2.4713
[0:37:36.598586] epoch: 1050 | elbo: 21684.96309082031 | train_rmse: 0.3429 | val_rmse: 1.2973 | val_ll: -2.5718
[0:39:27.143963] epoch: 1100 | elbo: 21237.523149414057 | train_rmse: 0.3232 | val_rmse: 1.2898 | val_ll: -2.7165
[0:41:17.339885] epoch: 1150 | elbo: 20764.690263671877 | train_rmse: 0.3053 | val_rmse: 1.2827 | val_ll: -2.8696
[0:43:10.124995] epoch: 1200 | elbo: 20424.210117187497 | train_rmse: 0.2882 | val_rmse: 1.2753 | val_ll: -2.9939
[0:44:56.702617] epoch: 1250 | elbo: 20053.552241210942 | train_rmse: 0.2725 | val_rmse: 1.2727 | val_ll: -3.19
[0:46:44.231103] epoch: 1300 | elbo: 19656.884633789065 | train_rmse: 0.2551 | val_rmse: 1.2675 | val_ll: -3.3385
[0:48:30.955395] epoch: 1350 | elbo: 19267.217929687504 | train_rmse: 0.2408 | val_rmse: 1.2637 | val_ll: -3.5394
